{"uid":"7d2f8afd8ac4c9ff","name":"test_deploy_edge","fullName":"tests.integration.test_upgrade#test_deploy_edge","historyId":"5f028b2bcb837fbddbf7f75624f0b4ca","time":{"start":1717897018822,"stop":1717897021311,"duration":2489},"description":"Simple test to ensure that mysql, mysqlrouter and application charms deploy.","descriptionHtml":"<p>Simple test to ensure that mysql, mysqlrouter and application charms deploy.</p>\n","status":"broken","statusMessage":"juju.errors.JujuError: ['Charm feature requirements cannot be met:\\n  - charm requires at least one of the following:\\n    - charm requires all of the following:\\n      - charm requires feature \"juju\" (version < 3.0.0) but model currently supports version 3.1.6\\n    - charm requires all of the following:\\n      - charm requires feature \"juju\" (version >= 3.4.3) but model currently supports version 3.1.6\\n\\nFeature descriptions:\\n  - \"juju\": the version of Juju used by the model\\n\\nFor additional information please see: https://juju.is/docs/olm/supported-features']","statusTrace":"Traceback (most recent call last):\n  File \"/home/runner/work/mysql-router-k8s-operator/mysql-router-k8s-operator/.tox/integration/lib/python3.10/site-packages/_pytest/runner.py\", line 341, in from_call\n    result: Optional[TResult] = func()\n  File \"/home/runner/work/mysql-router-k8s-operator/mysql-router-k8s-operator/.tox/integration/lib/python3.10/site-packages/_pytest/runner.py\", line 262, in <lambda>\n    lambda: ihook(item=item, **kwds), when=when, reraise=reraise\n  File \"/home/runner/work/mysql-router-k8s-operator/mysql-router-k8s-operator/.tox/integration/lib/python3.10/site-packages/pluggy/_hooks.py\", line 493, in __call__\n    return self._hookexec(self.name, self._hookimpls, kwargs, firstresult)\n  File \"/home/runner/work/mysql-router-k8s-operator/mysql-router-k8s-operator/.tox/integration/lib/python3.10/site-packages/pluggy/_manager.py\", line 115, in _hookexec\n    return self._inner_hookexec(hook_name, methods, kwargs, firstresult)\n  File \"/home/runner/work/mysql-router-k8s-operator/mysql-router-k8s-operator/.tox/integration/lib/python3.10/site-packages/pluggy/_callers.py\", line 152, in _multicall\n    return outcome.get_result()\n  File \"/home/runner/work/mysql-router-k8s-operator/mysql-router-k8s-operator/.tox/integration/lib/python3.10/site-packages/pluggy/_result.py\", line 114, in get_result\n    raise exc.with_traceback(exc.__traceback__)\n  File \"/home/runner/work/mysql-router-k8s-operator/mysql-router-k8s-operator/.tox/integration/lib/python3.10/site-packages/pluggy/_callers.py\", line 77, in _multicall\n    res = hook_impl.function(*args)\n  File \"/home/runner/work/mysql-router-k8s-operator/mysql-router-k8s-operator/.tox/integration/lib/python3.10/site-packages/_pytest/runner.py\", line 177, in pytest_runtest_call\n    raise e\n  File \"/home/runner/work/mysql-router-k8s-operator/mysql-router-k8s-operator/.tox/integration/lib/python3.10/site-packages/_pytest/runner.py\", line 169, in pytest_runtest_call\n    item.runtest()\n  File \"/home/runner/work/mysql-router-k8s-operator/mysql-router-k8s-operator/.tox/integration/lib/python3.10/site-packages/_pytest/python.py\", line 1788, in runtest\n    self.ihook.pytest_pyfunc_call(pyfuncitem=self)\n  File \"/home/runner/work/mysql-router-k8s-operator/mysql-router-k8s-operator/.tox/integration/lib/python3.10/site-packages/pluggy/_hooks.py\", line 493, in __call__\n    return self._hookexec(self.name, self._hookimpls, kwargs, firstresult)\n  File \"/home/runner/work/mysql-router-k8s-operator/mysql-router-k8s-operator/.tox/integration/lib/python3.10/site-packages/pluggy/_manager.py\", line 115, in _hookexec\n    return self._inner_hookexec(hook_name, methods, kwargs, firstresult)\n  File \"/home/runner/work/mysql-router-k8s-operator/mysql-router-k8s-operator/.tox/integration/lib/python3.10/site-packages/pluggy/_callers.py\", line 152, in _multicall\n    return outcome.get_result()\n  File \"/home/runner/work/mysql-router-k8s-operator/mysql-router-k8s-operator/.tox/integration/lib/python3.10/site-packages/pluggy/_result.py\", line 114, in get_result\n    raise exc.with_traceback(exc.__traceback__)\n  File \"/home/runner/work/mysql-router-k8s-operator/mysql-router-k8s-operator/.tox/integration/lib/python3.10/site-packages/pluggy/_callers.py\", line 77, in _multicall\n    res = hook_impl.function(*args)\n  File \"/home/runner/work/mysql-router-k8s-operator/mysql-router-k8s-operator/.tox/integration/lib/python3.10/site-packages/_pytest/python.py\", line 194, in pytest_pyfunc_call\n    result = testfunction(**testargs)\n  File \"/home/runner/work/mysql-router-k8s-operator/mysql-router-k8s-operator/.tox/integration/lib/python3.10/site-packages/pytest_asyncio/plugin.py\", line 532, in inner\n    _loop.run_until_complete(task)\n  File \"/usr/lib/python3.10/asyncio/base_events.py\", line 649, in run_until_complete\n    return future.result()\n  File \"/home/runner/work/mysql-router-k8s-operator/mysql-router-k8s-operator/tests/integration/test_upgrade.py\", line 49, in test_deploy_edge\n    await asyncio.gather(\n  File \"/home/runner/work/mysql-router-k8s-operator/mysql-router-k8s-operator/.tox/integration/lib/python3.10/site-packages/juju/model.py\", line 1816, in deploy\n    return await self._deploy(\n  File \"/home/runner/work/mysql-router-k8s-operator/mysql-router-k8s-operator/.tox/integration/lib/python3.10/site-packages/juju/model.py\", line 2096, in _deploy\n    result = await app_facade.Deploy(applications=[app])\n  File \"/home/runner/work/mysql-router-k8s-operator/mysql-router-k8s-operator/.tox/integration/lib/python3.10/site-packages/juju/client/facade.py\", line 486, in wrapper\n    reply = await f(*args, **kwargs)\n  File \"/home/runner/work/mysql-router-k8s-operator/mysql-router-k8s-operator/.tox/integration/lib/python3.10/site-packages/juju/client/_client17.py\", line 1051, in Deploy\n    reply = await self.rpc(msg)\n  File \"/home/runner/work/mysql-router-k8s-operator/mysql-router-k8s-operator/.tox/integration/lib/python3.10/site-packages/juju/client/facade.py\", line 659, in rpc\n    result = await self.connection.rpc(msg, encoder=TypeEncoder)\n  File \"/home/runner/work/mysql-router-k8s-operator/mysql-router-k8s-operator/.tox/integration/lib/python3.10/site-packages/juju/client/connection.py\", line 692, in rpc\n    raise errors.JujuError(err_results)\njuju.errors.JujuError: ['Charm feature requirements cannot be met:\\n  - charm requires at least one of the following:\\n    - charm requires all of the following:\\n      - charm requires feature \"juju\" (version < 3.0.0) but model currently supports version 3.1.6\\n    - charm requires all of the following:\\n      - charm requires feature \"juju\" (version >= 3.4.3) but model currently supports version 3.1.6\\n\\nFeature descriptions:\\n  - \"juju\": the version of Juju used by the model\\n\\nFor additional information please see: https://juju.is/docs/olm/supported-features']","flaky":false,"newFailed":false,"newBroken":false,"newPassed":false,"retriesCount":0,"retriesStatusChange":false,"beforeStages":[{"name":"event_loop","time":{"start":1717897018551,"stop":1717897018551,"duration":0},"status":"passed","steps":[],"attachments":[],"parameters":[],"stepsCount":0,"shouldDisplayMessage":false,"attachmentsCount":0,"hasContent":false,"attachmentStep":false},{"name":"ops_test","time":{"start":1717897018551,"stop":1717897018821,"duration":270},"status":"passed","steps":[],"attachments":[],"parameters":[],"stepsCount":0,"shouldDisplayMessage":false,"attachmentsCount":0,"hasContent":false,"attachmentStep":false},{"name":"tmp_path_factory","time":{"start":1717897018551,"stop":1717897018551,"duration":0},"status":"passed","steps":[],"attachments":[],"parameters":[],"stepsCount":0,"shouldDisplayMessage":false,"attachmentsCount":0,"hasContent":false,"attachmentStep":false},{"name":"abort_on_fail","time":{"start":1717897018821,"stop":1717897018821,"duration":0},"status":"passed","steps":[],"attachments":[],"parameters":[],"stepsCount":0,"shouldDisplayMessage":false,"attachmentsCount":0,"hasContent":false,"attachmentStep":false}],"testStage":{"description":"Simple test to ensure that mysql, mysqlrouter and application charms deploy.","status":"broken","statusMessage":"juju.errors.JujuError: ['Charm feature requirements cannot be met:\\n  - charm requires at least one of the following:\\n    - charm requires all of the following:\\n      - charm requires feature \"juju\" (version < 3.0.0) but model currently supports version 3.1.6\\n    - charm requires all of the following:\\n      - charm requires feature \"juju\" (version >= 3.4.3) but model currently supports version 3.1.6\\n\\nFeature descriptions:\\n  - \"juju\": the version of Juju used by the model\\n\\nFor additional information please see: https://juju.is/docs/olm/supported-features']","statusTrace":"Traceback (most recent call last):\n  File \"/home/runner/work/mysql-router-k8s-operator/mysql-router-k8s-operator/.tox/integration/lib/python3.10/site-packages/_pytest/runner.py\", line 341, in from_call\n    result: Optional[TResult] = func()\n  File \"/home/runner/work/mysql-router-k8s-operator/mysql-router-k8s-operator/.tox/integration/lib/python3.10/site-packages/_pytest/runner.py\", line 262, in <lambda>\n    lambda: ihook(item=item, **kwds), when=when, reraise=reraise\n  File \"/home/runner/work/mysql-router-k8s-operator/mysql-router-k8s-operator/.tox/integration/lib/python3.10/site-packages/pluggy/_hooks.py\", line 493, in __call__\n    return self._hookexec(self.name, self._hookimpls, kwargs, firstresult)\n  File \"/home/runner/work/mysql-router-k8s-operator/mysql-router-k8s-operator/.tox/integration/lib/python3.10/site-packages/pluggy/_manager.py\", line 115, in _hookexec\n    return self._inner_hookexec(hook_name, methods, kwargs, firstresult)\n  File \"/home/runner/work/mysql-router-k8s-operator/mysql-router-k8s-operator/.tox/integration/lib/python3.10/site-packages/pluggy/_callers.py\", line 152, in _multicall\n    return outcome.get_result()\n  File \"/home/runner/work/mysql-router-k8s-operator/mysql-router-k8s-operator/.tox/integration/lib/python3.10/site-packages/pluggy/_result.py\", line 114, in get_result\n    raise exc.with_traceback(exc.__traceback__)\n  File \"/home/runner/work/mysql-router-k8s-operator/mysql-router-k8s-operator/.tox/integration/lib/python3.10/site-packages/pluggy/_callers.py\", line 77, in _multicall\n    res = hook_impl.function(*args)\n  File \"/home/runner/work/mysql-router-k8s-operator/mysql-router-k8s-operator/.tox/integration/lib/python3.10/site-packages/_pytest/runner.py\", line 177, in pytest_runtest_call\n    raise e\n  File \"/home/runner/work/mysql-router-k8s-operator/mysql-router-k8s-operator/.tox/integration/lib/python3.10/site-packages/_pytest/runner.py\", line 169, in pytest_runtest_call\n    item.runtest()\n  File \"/home/runner/work/mysql-router-k8s-operator/mysql-router-k8s-operator/.tox/integration/lib/python3.10/site-packages/_pytest/python.py\", line 1788, in runtest\n    self.ihook.pytest_pyfunc_call(pyfuncitem=self)\n  File \"/home/runner/work/mysql-router-k8s-operator/mysql-router-k8s-operator/.tox/integration/lib/python3.10/site-packages/pluggy/_hooks.py\", line 493, in __call__\n    return self._hookexec(self.name, self._hookimpls, kwargs, firstresult)\n  File \"/home/runner/work/mysql-router-k8s-operator/mysql-router-k8s-operator/.tox/integration/lib/python3.10/site-packages/pluggy/_manager.py\", line 115, in _hookexec\n    return self._inner_hookexec(hook_name, methods, kwargs, firstresult)\n  File \"/home/runner/work/mysql-router-k8s-operator/mysql-router-k8s-operator/.tox/integration/lib/python3.10/site-packages/pluggy/_callers.py\", line 152, in _multicall\n    return outcome.get_result()\n  File \"/home/runner/work/mysql-router-k8s-operator/mysql-router-k8s-operator/.tox/integration/lib/python3.10/site-packages/pluggy/_result.py\", line 114, in get_result\n    raise exc.with_traceback(exc.__traceback__)\n  File \"/home/runner/work/mysql-router-k8s-operator/mysql-router-k8s-operator/.tox/integration/lib/python3.10/site-packages/pluggy/_callers.py\", line 77, in _multicall\n    res = hook_impl.function(*args)\n  File \"/home/runner/work/mysql-router-k8s-operator/mysql-router-k8s-operator/.tox/integration/lib/python3.10/site-packages/_pytest/python.py\", line 194, in pytest_pyfunc_call\n    result = testfunction(**testargs)\n  File \"/home/runner/work/mysql-router-k8s-operator/mysql-router-k8s-operator/.tox/integration/lib/python3.10/site-packages/pytest_asyncio/plugin.py\", line 532, in inner\n    _loop.run_until_complete(task)\n  File \"/usr/lib/python3.10/asyncio/base_events.py\", line 649, in run_until_complete\n    return future.result()\n  File \"/home/runner/work/mysql-router-k8s-operator/mysql-router-k8s-operator/tests/integration/test_upgrade.py\", line 49, in test_deploy_edge\n    await asyncio.gather(\n  File \"/home/runner/work/mysql-router-k8s-operator/mysql-router-k8s-operator/.tox/integration/lib/python3.10/site-packages/juju/model.py\", line 1816, in deploy\n    return await self._deploy(\n  File \"/home/runner/work/mysql-router-k8s-operator/mysql-router-k8s-operator/.tox/integration/lib/python3.10/site-packages/juju/model.py\", line 2096, in _deploy\n    result = await app_facade.Deploy(applications=[app])\n  File \"/home/runner/work/mysql-router-k8s-operator/mysql-router-k8s-operator/.tox/integration/lib/python3.10/site-packages/juju/client/facade.py\", line 486, in wrapper\n    reply = await f(*args, **kwargs)\n  File \"/home/runner/work/mysql-router-k8s-operator/mysql-router-k8s-operator/.tox/integration/lib/python3.10/site-packages/juju/client/_client17.py\", line 1051, in Deploy\n    reply = await self.rpc(msg)\n  File \"/home/runner/work/mysql-router-k8s-operator/mysql-router-k8s-operator/.tox/integration/lib/python3.10/site-packages/juju/client/facade.py\", line 659, in rpc\n    result = await self.connection.rpc(msg, encoder=TypeEncoder)\n  File \"/home/runner/work/mysql-router-k8s-operator/mysql-router-k8s-operator/.tox/integration/lib/python3.10/site-packages/juju/client/connection.py\", line 692, in rpc\n    raise errors.JujuError(err_results)\njuju.errors.JujuError: ['Charm feature requirements cannot be met:\\n  - charm requires at least one of the following:\\n    - charm requires all of the following:\\n      - charm requires feature \"juju\" (version < 3.0.0) but model currently supports version 3.1.6\\n    - charm requires all of the following:\\n      - charm requires feature \"juju\" (version >= 3.4.3) but model currently supports version 3.1.6\\n\\nFeature descriptions:\\n  - \"juju\": the version of Juju used by the model\\n\\nFor additional information please see: https://juju.is/docs/olm/supported-features']","steps":[],"attachments":[{"uid":"d31c82134d58c91a","name":"log","source":"d31c82134d58c91a.txt","type":"text/plain","size":474}],"parameters":[],"stepsCount":0,"shouldDisplayMessage":true,"attachmentsCount":1,"hasContent":true,"attachmentStep":false},"afterStages":[{"name":"abort_on_fail::0","time":{"start":1717897021355,"stop":1717897021355,"duration":0},"status":"passed","steps":[],"attachments":[],"parameters":[],"stepsCount":0,"shouldDisplayMessage":false,"attachmentsCount":0,"hasContent":false,"attachmentStep":false},{"name":"ops_test::finalizer","time":{"start":1717897021361,"stop":1717897028865,"duration":7504},"status":"passed","steps":[],"attachments":[],"parameters":[],"stepsCount":0,"shouldDisplayMessage":false,"attachmentsCount":0,"hasContent":false,"attachmentStep":false},{"name":"event_loop::2","time":{"start":1717897028865,"stop":1717897028866,"duration":1},"status":"passed","steps":[],"attachments":[],"parameters":[],"stepsCount":0,"shouldDisplayMessage":false,"attachmentsCount":0,"hasContent":false,"attachmentStep":false},{"name":"event_loop::_close_event_loop","time":{"start":1717897028866,"stop":1717897028866,"duration":0},"status":"passed","steps":[],"attachments":[],"parameters":[],"stepsCount":0,"shouldDisplayMessage":false,"attachmentsCount":0,"hasContent":false,"attachmentStep":false},{"name":"event_loop::_provide_clean_event_loop","time":{"start":1717897028866,"stop":1717897028866,"duration":0},"status":"passed","steps":[],"attachments":[],"parameters":[],"stepsCount":0,"shouldDisplayMessage":false,"attachmentsCount":0,"hasContent":false,"attachmentStep":false}],"labels":[{"name":"tag","value":"abort_on_fail"},{"name":"tag","value":"group(1)"},{"name":"tag","value":"asyncio"},{"name":"parentSuite","value":"tests.integration"},{"name":"suite","value":"test_upgrade"},{"name":"host","value":"fv-az693-930"},{"name":"thread","value":"12125-MainThread"},{"name":"framework","value":"pytest"},{"name":"language","value":"cpython3"},{"name":"package","value":"tests.integration.test_upgrade"},{"name":"resultFormat","value":"allure2"}],"parameters":[],"links":[],"hidden":false,"retry":false,"extra":{"severity":"normal","retries":[],"categories":[{"name":"Test defects","matchedStatuses":[],"flaky":false}],"history":{"statistic":{"failed":0,"broken":2,"skipped":0,"passed":10,"unknown":0,"total":12},"items":[{"uid":"34d0f0438f88d4d8","reportUrl":"../1410//#testresult/34d0f0438f88d4d8","status":"broken","statusDetails":"juju.errors.JujuError: ['Charm feature requirements cannot be met:\\n  - charm requires at least one of the following:\\n    - charm requires all of the following:\\n      - charm requires feature \"juju\" (version < 3.0.0) but model currently supports version 3.1.6\\n    - charm requires all of the following:\\n      - charm requires feature \"juju\" (version >= 3.4.3) but model currently supports version 3.1.6\\n\\nFeature descriptions:\\n  - \"juju\": the version of Juju used by the model\\n\\nFor additional information please see: https://juju.is/docs/olm/supported-features']","time":{"start":1717810617767,"stop":1717810621328,"duration":3561}},{"uid":"94e9e10bf6b3c652","reportUrl":"../1405//#testresult/94e9e10bf6b3c652","status":"passed","time":{"start":1717724224960,"stop":1717724335869,"duration":110909}},{"uid":"9aaff2ec8065d81f","reportUrl":"../1401//#testresult/9aaff2ec8065d81f","status":"passed","time":{"start":1717637999923,"stop":1717638136865,"duration":136942}},{"uid":"8b8a02a1ed8de1d8","reportUrl":"../1400//#testresult/8b8a02a1ed8de1d8","status":"passed","time":{"start":1717551377539,"stop":1717551497267,"duration":119728}},{"uid":"a4387844c2f7246c","reportUrl":"../1396//#testresult/a4387844c2f7246c","status":"passed","time":{"start":1717464985364,"stop":1717465096607,"duration":111243}},{"uid":"53c9f5fe29041404","reportUrl":"../1395//#testresult/53c9f5fe29041404","status":"passed","time":{"start":1717378587841,"stop":1717378697117,"duration":109276}},{"uid":"58a593e6c23393da","reportUrl":"../1394//#testresult/58a593e6c23393da","status":"passed","time":{"start":1717292206879,"stop":1717292321935,"duration":115056}},{"uid":"e75dea1a83c628b4","reportUrl":"../1393//#testresult/e75dea1a83c628b4","status":"passed","time":{"start":1717205832915,"stop":1717205957375,"duration":124460}},{"uid":"e5ebb910cf507f44","reportUrl":"../1392//#testresult/e5ebb910cf507f44","status":"passed","time":{"start":1717119442203,"stop":1717119556803,"duration":114600}},{"uid":"b5d0f0e27fc17c56","reportUrl":"../1390//#testresult/b5d0f0e27fc17c56","status":"passed","time":{"start":1717033317110,"stop":1717033430922,"duration":113812}},{"uid":"8258b878c9c5c6df","reportUrl":"../1388//#testresult/8258b878c9c5c6df","status":"passed","time":{"start":1716946615815,"stop":1716946735368,"duration":119553}}]},"tags":["asyncio","abort_on_fail","group(1)"]},"source":"7d2f8afd8ac4c9ff.json","parameterValues":[]}