{"uid":"2f1ac643d6f54205","name":"test_log_rotation","fullName":"tests.integration.test_log_rotation#test_log_rotation","historyId":"cee6faeba82de98eaf891ec9dd9520e1","time":{"start":1717983520913,"stop":1717983523088,"duration":2175},"description":"Test log rotation.","descriptionHtml":"<p>Test log rotation.</p>\n","status":"broken","statusMessage":"juju.errors.JujuError: ['Charm feature requirements cannot be met:\\n  - charm requires at least one of the following:\\n    - charm requires all of the following:\\n      - charm requires feature \"juju\" (version < 3.0.0) but model currently supports version 3.1.6\\n    - charm requires all of the following:\\n      - charm requires feature \"juju\" (version >= 3.4.3) but model currently supports version 3.1.6\\n\\nFeature descriptions:\\n  - \"juju\": the version of Juju used by the model\\n\\nFor additional information please see: https://juju.is/docs/olm/supported-features']","statusTrace":"Traceback (most recent call last):\n  File \"/home/runner/work/mysql-router-k8s-operator/mysql-router-k8s-operator/.tox/integration/lib/python3.10/site-packages/_pytest/runner.py\", line 341, in from_call\n    result: Optional[TResult] = func()\n  File \"/home/runner/work/mysql-router-k8s-operator/mysql-router-k8s-operator/.tox/integration/lib/python3.10/site-packages/_pytest/runner.py\", line 262, in <lambda>\n    lambda: ihook(item=item, **kwds), when=when, reraise=reraise\n  File \"/home/runner/work/mysql-router-k8s-operator/mysql-router-k8s-operator/.tox/integration/lib/python3.10/site-packages/pluggy/_hooks.py\", line 493, in __call__\n    return self._hookexec(self.name, self._hookimpls, kwargs, firstresult)\n  File \"/home/runner/work/mysql-router-k8s-operator/mysql-router-k8s-operator/.tox/integration/lib/python3.10/site-packages/pluggy/_manager.py\", line 115, in _hookexec\n    return self._inner_hookexec(hook_name, methods, kwargs, firstresult)\n  File \"/home/runner/work/mysql-router-k8s-operator/mysql-router-k8s-operator/.tox/integration/lib/python3.10/site-packages/pluggy/_callers.py\", line 152, in _multicall\n    return outcome.get_result()\n  File \"/home/runner/work/mysql-router-k8s-operator/mysql-router-k8s-operator/.tox/integration/lib/python3.10/site-packages/pluggy/_result.py\", line 114, in get_result\n    raise exc.with_traceback(exc.__traceback__)\n  File \"/home/runner/work/mysql-router-k8s-operator/mysql-router-k8s-operator/.tox/integration/lib/python3.10/site-packages/pluggy/_callers.py\", line 77, in _multicall\n    res = hook_impl.function(*args)\n  File \"/home/runner/work/mysql-router-k8s-operator/mysql-router-k8s-operator/.tox/integration/lib/python3.10/site-packages/_pytest/runner.py\", line 177, in pytest_runtest_call\n    raise e\n  File \"/home/runner/work/mysql-router-k8s-operator/mysql-router-k8s-operator/.tox/integration/lib/python3.10/site-packages/_pytest/runner.py\", line 169, in pytest_runtest_call\n    item.runtest()\n  File \"/home/runner/work/mysql-router-k8s-operator/mysql-router-k8s-operator/.tox/integration/lib/python3.10/site-packages/_pytest/python.py\", line 1788, in runtest\n    self.ihook.pytest_pyfunc_call(pyfuncitem=self)\n  File \"/home/runner/work/mysql-router-k8s-operator/mysql-router-k8s-operator/.tox/integration/lib/python3.10/site-packages/pluggy/_hooks.py\", line 493, in __call__\n    return self._hookexec(self.name, self._hookimpls, kwargs, firstresult)\n  File \"/home/runner/work/mysql-router-k8s-operator/mysql-router-k8s-operator/.tox/integration/lib/python3.10/site-packages/pluggy/_manager.py\", line 115, in _hookexec\n    return self._inner_hookexec(hook_name, methods, kwargs, firstresult)\n  File \"/home/runner/work/mysql-router-k8s-operator/mysql-router-k8s-operator/.tox/integration/lib/python3.10/site-packages/pluggy/_callers.py\", line 152, in _multicall\n    return outcome.get_result()\n  File \"/home/runner/work/mysql-router-k8s-operator/mysql-router-k8s-operator/.tox/integration/lib/python3.10/site-packages/pluggy/_result.py\", line 114, in get_result\n    raise exc.with_traceback(exc.__traceback__)\n  File \"/home/runner/work/mysql-router-k8s-operator/mysql-router-k8s-operator/.tox/integration/lib/python3.10/site-packages/pluggy/_callers.py\", line 77, in _multicall\n    res = hook_impl.function(*args)\n  File \"/home/runner/work/mysql-router-k8s-operator/mysql-router-k8s-operator/.tox/integration/lib/python3.10/site-packages/_pytest/python.py\", line 194, in pytest_pyfunc_call\n    result = testfunction(**testargs)\n  File \"/home/runner/work/mysql-router-k8s-operator/mysql-router-k8s-operator/.tox/integration/lib/python3.10/site-packages/pytest_asyncio/plugin.py\", line 532, in inner\n    _loop.run_until_complete(task)\n  File \"/usr/lib/python3.10/asyncio/base_events.py\", line 649, in run_until_complete\n    return future.result()\n  File \"/home/runner/work/mysql-router-k8s-operator/mysql-router-k8s-operator/tests/integration/test_log_rotation.py\", line 50, in test_log_rotation\n    applications = await asyncio.gather(\n  File \"/home/runner/work/mysql-router-k8s-operator/mysql-router-k8s-operator/.tox/integration/lib/python3.10/site-packages/juju/model.py\", line 1816, in deploy\n    return await self._deploy(\n  File \"/home/runner/work/mysql-router-k8s-operator/mysql-router-k8s-operator/.tox/integration/lib/python3.10/site-packages/juju/model.py\", line 2096, in _deploy\n    result = await app_facade.Deploy(applications=[app])\n  File \"/home/runner/work/mysql-router-k8s-operator/mysql-router-k8s-operator/.tox/integration/lib/python3.10/site-packages/juju/client/facade.py\", line 486, in wrapper\n    reply = await f(*args, **kwargs)\n  File \"/home/runner/work/mysql-router-k8s-operator/mysql-router-k8s-operator/.tox/integration/lib/python3.10/site-packages/juju/client/_client17.py\", line 1051, in Deploy\n    reply = await self.rpc(msg)\n  File \"/home/runner/work/mysql-router-k8s-operator/mysql-router-k8s-operator/.tox/integration/lib/python3.10/site-packages/juju/client/facade.py\", line 659, in rpc\n    result = await self.connection.rpc(msg, encoder=TypeEncoder)\n  File \"/home/runner/work/mysql-router-k8s-operator/mysql-router-k8s-operator/.tox/integration/lib/python3.10/site-packages/juju/client/connection.py\", line 692, in rpc\n    raise errors.JujuError(err_results)\njuju.errors.JujuError: ['Charm feature requirements cannot be met:\\n  - charm requires at least one of the following:\\n    - charm requires all of the following:\\n      - charm requires feature \"juju\" (version < 3.0.0) but model currently supports version 3.1.6\\n    - charm requires all of the following:\\n      - charm requires feature \"juju\" (version >= 3.4.3) but model currently supports version 3.1.6\\n\\nFeature descriptions:\\n  - \"juju\": the version of Juju used by the model\\n\\nFor additional information please see: https://juju.is/docs/olm/supported-features']","flaky":false,"newFailed":false,"newBroken":false,"newPassed":false,"retriesCount":0,"retriesStatusChange":false,"beforeStages":[{"name":"tmp_path_factory","time":{"start":1717983520654,"stop":1717983520654,"duration":0},"status":"passed","steps":[],"attachments":[],"parameters":[],"stepsCount":0,"shouldDisplayMessage":false,"attachmentsCount":0,"hasContent":false,"attachmentStep":false},{"name":"event_loop","time":{"start":1717983520654,"stop":1717983520654,"duration":0},"status":"passed","steps":[],"attachments":[],"parameters":[],"stepsCount":0,"shouldDisplayMessage":false,"attachmentsCount":0,"hasContent":false,"attachmentStep":false},{"name":"ops_test","time":{"start":1717983520655,"stop":1717983520912,"duration":257},"status":"passed","steps":[],"attachments":[],"parameters":[],"stepsCount":0,"shouldDisplayMessage":false,"attachmentsCount":0,"hasContent":false,"attachmentStep":false},{"name":"abort_on_fail","time":{"start":1717983520912,"stop":1717983520912,"duration":0},"status":"passed","steps":[],"attachments":[],"parameters":[],"stepsCount":0,"shouldDisplayMessage":false,"attachmentsCount":0,"hasContent":false,"attachmentStep":false}],"testStage":{"description":"Test log rotation.","status":"broken","statusMessage":"juju.errors.JujuError: ['Charm feature requirements cannot be met:\\n  - charm requires at least one of the following:\\n    - charm requires all of the following:\\n      - charm requires feature \"juju\" (version < 3.0.0) but model currently supports version 3.1.6\\n    - charm requires all of the following:\\n      - charm requires feature \"juju\" (version >= 3.4.3) but model currently supports version 3.1.6\\n\\nFeature descriptions:\\n  - \"juju\": the version of Juju used by the model\\n\\nFor additional information please see: https://juju.is/docs/olm/supported-features']","statusTrace":"Traceback (most recent call last):\n  File \"/home/runner/work/mysql-router-k8s-operator/mysql-router-k8s-operator/.tox/integration/lib/python3.10/site-packages/_pytest/runner.py\", line 341, in from_call\n    result: Optional[TResult] = func()\n  File \"/home/runner/work/mysql-router-k8s-operator/mysql-router-k8s-operator/.tox/integration/lib/python3.10/site-packages/_pytest/runner.py\", line 262, in <lambda>\n    lambda: ihook(item=item, **kwds), when=when, reraise=reraise\n  File \"/home/runner/work/mysql-router-k8s-operator/mysql-router-k8s-operator/.tox/integration/lib/python3.10/site-packages/pluggy/_hooks.py\", line 493, in __call__\n    return self._hookexec(self.name, self._hookimpls, kwargs, firstresult)\n  File \"/home/runner/work/mysql-router-k8s-operator/mysql-router-k8s-operator/.tox/integration/lib/python3.10/site-packages/pluggy/_manager.py\", line 115, in _hookexec\n    return self._inner_hookexec(hook_name, methods, kwargs, firstresult)\n  File \"/home/runner/work/mysql-router-k8s-operator/mysql-router-k8s-operator/.tox/integration/lib/python3.10/site-packages/pluggy/_callers.py\", line 152, in _multicall\n    return outcome.get_result()\n  File \"/home/runner/work/mysql-router-k8s-operator/mysql-router-k8s-operator/.tox/integration/lib/python3.10/site-packages/pluggy/_result.py\", line 114, in get_result\n    raise exc.with_traceback(exc.__traceback__)\n  File \"/home/runner/work/mysql-router-k8s-operator/mysql-router-k8s-operator/.tox/integration/lib/python3.10/site-packages/pluggy/_callers.py\", line 77, in _multicall\n    res = hook_impl.function(*args)\n  File \"/home/runner/work/mysql-router-k8s-operator/mysql-router-k8s-operator/.tox/integration/lib/python3.10/site-packages/_pytest/runner.py\", line 177, in pytest_runtest_call\n    raise e\n  File \"/home/runner/work/mysql-router-k8s-operator/mysql-router-k8s-operator/.tox/integration/lib/python3.10/site-packages/_pytest/runner.py\", line 169, in pytest_runtest_call\n    item.runtest()\n  File \"/home/runner/work/mysql-router-k8s-operator/mysql-router-k8s-operator/.tox/integration/lib/python3.10/site-packages/_pytest/python.py\", line 1788, in runtest\n    self.ihook.pytest_pyfunc_call(pyfuncitem=self)\n  File \"/home/runner/work/mysql-router-k8s-operator/mysql-router-k8s-operator/.tox/integration/lib/python3.10/site-packages/pluggy/_hooks.py\", line 493, in __call__\n    return self._hookexec(self.name, self._hookimpls, kwargs, firstresult)\n  File \"/home/runner/work/mysql-router-k8s-operator/mysql-router-k8s-operator/.tox/integration/lib/python3.10/site-packages/pluggy/_manager.py\", line 115, in _hookexec\n    return self._inner_hookexec(hook_name, methods, kwargs, firstresult)\n  File \"/home/runner/work/mysql-router-k8s-operator/mysql-router-k8s-operator/.tox/integration/lib/python3.10/site-packages/pluggy/_callers.py\", line 152, in _multicall\n    return outcome.get_result()\n  File \"/home/runner/work/mysql-router-k8s-operator/mysql-router-k8s-operator/.tox/integration/lib/python3.10/site-packages/pluggy/_result.py\", line 114, in get_result\n    raise exc.with_traceback(exc.__traceback__)\n  File \"/home/runner/work/mysql-router-k8s-operator/mysql-router-k8s-operator/.tox/integration/lib/python3.10/site-packages/pluggy/_callers.py\", line 77, in _multicall\n    res = hook_impl.function(*args)\n  File \"/home/runner/work/mysql-router-k8s-operator/mysql-router-k8s-operator/.tox/integration/lib/python3.10/site-packages/_pytest/python.py\", line 194, in pytest_pyfunc_call\n    result = testfunction(**testargs)\n  File \"/home/runner/work/mysql-router-k8s-operator/mysql-router-k8s-operator/.tox/integration/lib/python3.10/site-packages/pytest_asyncio/plugin.py\", line 532, in inner\n    _loop.run_until_complete(task)\n  File \"/usr/lib/python3.10/asyncio/base_events.py\", line 649, in run_until_complete\n    return future.result()\n  File \"/home/runner/work/mysql-router-k8s-operator/mysql-router-k8s-operator/tests/integration/test_log_rotation.py\", line 50, in test_log_rotation\n    applications = await asyncio.gather(\n  File \"/home/runner/work/mysql-router-k8s-operator/mysql-router-k8s-operator/.tox/integration/lib/python3.10/site-packages/juju/model.py\", line 1816, in deploy\n    return await self._deploy(\n  File \"/home/runner/work/mysql-router-k8s-operator/mysql-router-k8s-operator/.tox/integration/lib/python3.10/site-packages/juju/model.py\", line 2096, in _deploy\n    result = await app_facade.Deploy(applications=[app])\n  File \"/home/runner/work/mysql-router-k8s-operator/mysql-router-k8s-operator/.tox/integration/lib/python3.10/site-packages/juju/client/facade.py\", line 486, in wrapper\n    reply = await f(*args, **kwargs)\n  File \"/home/runner/work/mysql-router-k8s-operator/mysql-router-k8s-operator/.tox/integration/lib/python3.10/site-packages/juju/client/_client17.py\", line 1051, in Deploy\n    reply = await self.rpc(msg)\n  File \"/home/runner/work/mysql-router-k8s-operator/mysql-router-k8s-operator/.tox/integration/lib/python3.10/site-packages/juju/client/facade.py\", line 659, in rpc\n    result = await self.connection.rpc(msg, encoder=TypeEncoder)\n  File \"/home/runner/work/mysql-router-k8s-operator/mysql-router-k8s-operator/.tox/integration/lib/python3.10/site-packages/juju/client/connection.py\", line 692, in rpc\n    raise errors.JujuError(err_results)\njuju.errors.JujuError: ['Charm feature requirements cannot be met:\\n  - charm requires at least one of the following:\\n    - charm requires all of the following:\\n      - charm requires feature \"juju\" (version < 3.0.0) but model currently supports version 3.1.6\\n    - charm requires all of the following:\\n      - charm requires feature \"juju\" (version >= 3.4.3) but model currently supports version 3.1.6\\n\\nFeature descriptions:\\n  - \"juju\": the version of Juju used by the model\\n\\nFor additional information please see: https://juju.is/docs/olm/supported-features']","steps":[],"attachments":[{"uid":"91dbea87a22ef2d0","name":"log","source":"91dbea87a22ef2d0.txt","type":"text/plain","size":2917}],"parameters":[],"stepsCount":0,"shouldDisplayMessage":true,"attachmentsCount":1,"hasContent":true,"attachmentStep":false},"afterStages":[{"name":"abort_on_fail::0","time":{"start":1717983523092,"stop":1717983523092,"duration":0},"status":"passed","steps":[],"attachments":[],"parameters":[],"stepsCount":0,"shouldDisplayMessage":false,"attachmentsCount":0,"hasContent":false,"attachmentStep":false},{"name":"ops_test::finalizer","time":{"start":1717983523092,"stop":1717983530905,"duration":7813},"status":"passed","steps":[],"attachments":[],"parameters":[],"stepsCount":0,"shouldDisplayMessage":false,"attachmentsCount":0,"hasContent":false,"attachmentStep":false},{"name":"event_loop::2","time":{"start":1717983530906,"stop":1717983530906,"duration":0},"status":"passed","steps":[],"attachments":[],"parameters":[],"stepsCount":0,"shouldDisplayMessage":false,"attachmentsCount":0,"hasContent":false,"attachmentStep":false},{"name":"event_loop::_close_event_loop","time":{"start":1717983530906,"stop":1717983530906,"duration":0},"status":"passed","steps":[],"attachments":[],"parameters":[],"stepsCount":0,"shouldDisplayMessage":false,"attachmentsCount":0,"hasContent":false,"attachmentStep":false},{"name":"event_loop::_provide_clean_event_loop","time":{"start":1717983530906,"stop":1717983530906,"duration":0},"status":"passed","steps":[],"attachments":[],"parameters":[],"stepsCount":0,"shouldDisplayMessage":false,"attachmentsCount":0,"hasContent":false,"attachmentStep":false}],"labels":[{"name":"tag","value":"abort_on_fail"},{"name":"tag","value":"group(1)"},{"name":"tag","value":"asyncio"},{"name":"parentSuite","value":"tests.integration"},{"name":"suite","value":"test_log_rotation"},{"name":"host","value":"fv-az1487-671"},{"name":"thread","value":"12182-MainThread"},{"name":"framework","value":"pytest"},{"name":"language","value":"cpython3"},{"name":"package","value":"tests.integration.test_log_rotation"},{"name":"resultFormat","value":"allure2"}],"parameters":[],"links":[],"hidden":false,"retry":false,"extra":{"severity":"normal","retries":[],"categories":[{"name":"Test defects","matchedStatuses":[],"flaky":false}],"history":{"statistic":{"failed":0,"broken":3,"skipped":0,"passed":10,"unknown":0,"total":13},"items":[{"uid":"b2111b921cc22d6f","reportUrl":"../1411//#testresult/b2111b921cc22d6f","status":"broken","statusDetails":"juju.errors.JujuError: ['Charm feature requirements cannot be met:\\n  - charm requires at least one of the following:\\n    - charm requires all of the following:\\n      - charm requires feature \"juju\" (version < 3.0.0) but model currently supports version 3.1.6\\n    - charm requires all of the following:\\n      - charm requires feature \"juju\" (version >= 3.4.3) but model currently supports version 3.1.6\\n\\nFeature descriptions:\\n  - \"juju\": the version of Juju used by the model\\n\\nFor additional information please see: https://juju.is/docs/olm/supported-features']","time":{"start":1717897010399,"stop":1717897012592,"duration":2193}},{"uid":"a3bb84aa72fe73da","reportUrl":"../1410//#testresult/a3bb84aa72fe73da","status":"broken","statusDetails":"juju.errors.JujuError: ['Charm feature requirements cannot be met:\\n  - charm requires at least one of the following:\\n    - charm requires all of the following:\\n      - charm requires feature \"juju\" (version < 3.0.0) but model currently supports version 3.1.6\\n    - charm requires all of the following:\\n      - charm requires feature \"juju\" (version >= 3.4.3) but model currently supports version 3.1.6\\n\\nFeature descriptions:\\n  - \"juju\": the version of Juju used by the model\\n\\nFor additional information please see: https://juju.is/docs/olm/supported-features']","time":{"start":1717810606770,"stop":1717810608784,"duration":2014}},{"uid":"835d98148972b850","reportUrl":"../1405//#testresult/835d98148972b850","status":"passed","time":{"start":1717724223019,"stop":1717724322302,"duration":99283}},{"uid":"a8a15cfa80bc1c6a","reportUrl":"../1401//#testresult/a8a15cfa80bc1c6a","status":"passed","time":{"start":1717638025004,"stop":1717638117033,"duration":92029}},{"uid":"ae9b28930a7c6d24","reportUrl":"../1400//#testresult/ae9b28930a7c6d24","status":"passed","time":{"start":1717551397767,"stop":1717551490017,"duration":92250}},{"uid":"c81a8660de985e4a","reportUrl":"../1396//#testresult/c81a8660de985e4a","status":"passed","time":{"start":1717464980839,"stop":1717465084705,"duration":103866}},{"uid":"fb24b58990f1c7fd","reportUrl":"../1395//#testresult/fb24b58990f1c7fd","status":"passed","time":{"start":1717378583273,"stop":1717378678907,"duration":95634}},{"uid":"ce7320fffebc2d9","reportUrl":"../1394//#testresult/ce7320fffebc2d9","status":"passed","time":{"start":1717292183280,"stop":1717292276814,"duration":93534}},{"uid":"61238054524c7ac7","reportUrl":"../1393//#testresult/61238054524c7ac7","status":"passed","time":{"start":1717205813215,"stop":1717205916703,"duration":103488}},{"uid":"8bb7ee78d984eabb","reportUrl":"../1392//#testresult/8bb7ee78d984eabb","status":"passed","time":{"start":1717119414245,"stop":1717119511557,"duration":97312}},{"uid":"16507ba5825909f","reportUrl":"../1390//#testresult/16507ba5825909f","status":"passed","time":{"start":1717033283863,"stop":1717033380835,"duration":96972}},{"uid":"6093acdc79bd99ef","reportUrl":"../1388//#testresult/6093acdc79bd99ef","status":"passed","time":{"start":1716946605239,"stop":1716946699845,"duration":94606}}]},"tags":["asyncio","abort_on_fail","group(1)"]},"source":"2f1ac643d6f54205.json","parameterValues":[]}