{"uid":"e8e0bc506ae11ca9","name":"test_build_and_deploy","fullName":"tests.integration.test_node_port#test_build_and_deploy","historyId":"8e5b0ff388919a946524d5696c2557e5","time":{"start":1717983542834,"stop":1717983546921,"duration":4087},"description":"Test the deployment of the charm.","descriptionHtml":"<p>Test the deployment of the charm.</p>\n","status":"broken","statusMessage":"juju.errors.JujuError: ['Charm feature requirements cannot be met:\\n  - charm requires at least one of the following:\\n    - charm requires all of the following:\\n      - charm requires feature \"juju\" (version < 3.0.0) but model currently supports version 3.1.6\\n    - charm requires all of the following:\\n      - charm requires feature \"juju\" (version >= 3.4.3) but model currently supports version 3.1.6\\n\\nFeature descriptions:\\n  - \"juju\": the version of Juju used by the model\\n\\nFor additional information please see: https://juju.is/docs/olm/supported-features']","statusTrace":"Traceback (most recent call last):\n  File \"/home/runner/work/mysql-router-k8s-operator/mysql-router-k8s-operator/.tox/integration/lib/python3.10/site-packages/_pytest/runner.py\", line 341, in from_call\n    result: Optional[TResult] = func()\n  File \"/home/runner/work/mysql-router-k8s-operator/mysql-router-k8s-operator/.tox/integration/lib/python3.10/site-packages/_pytest/runner.py\", line 262, in <lambda>\n    lambda: ihook(item=item, **kwds), when=when, reraise=reraise\n  File \"/home/runner/work/mysql-router-k8s-operator/mysql-router-k8s-operator/.tox/integration/lib/python3.10/site-packages/pluggy/_hooks.py\", line 493, in __call__\n    return self._hookexec(self.name, self._hookimpls, kwargs, firstresult)\n  File \"/home/runner/work/mysql-router-k8s-operator/mysql-router-k8s-operator/.tox/integration/lib/python3.10/site-packages/pluggy/_manager.py\", line 115, in _hookexec\n    return self._inner_hookexec(hook_name, methods, kwargs, firstresult)\n  File \"/home/runner/work/mysql-router-k8s-operator/mysql-router-k8s-operator/.tox/integration/lib/python3.10/site-packages/pluggy/_callers.py\", line 152, in _multicall\n    return outcome.get_result()\n  File \"/home/runner/work/mysql-router-k8s-operator/mysql-router-k8s-operator/.tox/integration/lib/python3.10/site-packages/pluggy/_result.py\", line 114, in get_result\n    raise exc.with_traceback(exc.__traceback__)\n  File \"/home/runner/work/mysql-router-k8s-operator/mysql-router-k8s-operator/.tox/integration/lib/python3.10/site-packages/pluggy/_callers.py\", line 77, in _multicall\n    res = hook_impl.function(*args)\n  File \"/home/runner/work/mysql-router-k8s-operator/mysql-router-k8s-operator/.tox/integration/lib/python3.10/site-packages/_pytest/runner.py\", line 177, in pytest_runtest_call\n    raise e\n  File \"/home/runner/work/mysql-router-k8s-operator/mysql-router-k8s-operator/.tox/integration/lib/python3.10/site-packages/_pytest/runner.py\", line 169, in pytest_runtest_call\n    item.runtest()\n  File \"/home/runner/work/mysql-router-k8s-operator/mysql-router-k8s-operator/.tox/integration/lib/python3.10/site-packages/_pytest/python.py\", line 1788, in runtest\n    self.ihook.pytest_pyfunc_call(pyfuncitem=self)\n  File \"/home/runner/work/mysql-router-k8s-operator/mysql-router-k8s-operator/.tox/integration/lib/python3.10/site-packages/pluggy/_hooks.py\", line 493, in __call__\n    return self._hookexec(self.name, self._hookimpls, kwargs, firstresult)\n  File \"/home/runner/work/mysql-router-k8s-operator/mysql-router-k8s-operator/.tox/integration/lib/python3.10/site-packages/pluggy/_manager.py\", line 115, in _hookexec\n    return self._inner_hookexec(hook_name, methods, kwargs, firstresult)\n  File \"/home/runner/work/mysql-router-k8s-operator/mysql-router-k8s-operator/.tox/integration/lib/python3.10/site-packages/pluggy/_callers.py\", line 152, in _multicall\n    return outcome.get_result()\n  File \"/home/runner/work/mysql-router-k8s-operator/mysql-router-k8s-operator/.tox/integration/lib/python3.10/site-packages/pluggy/_result.py\", line 114, in get_result\n    raise exc.with_traceback(exc.__traceback__)\n  File \"/home/runner/work/mysql-router-k8s-operator/mysql-router-k8s-operator/.tox/integration/lib/python3.10/site-packages/pluggy/_callers.py\", line 77, in _multicall\n    res = hook_impl.function(*args)\n  File \"/home/runner/work/mysql-router-k8s-operator/mysql-router-k8s-operator/.tox/integration/lib/python3.10/site-packages/_pytest/python.py\", line 194, in pytest_pyfunc_call\n    result = testfunction(**testargs)\n  File \"/home/runner/work/mysql-router-k8s-operator/mysql-router-k8s-operator/.tox/integration/lib/python3.10/site-packages/pytest_asyncio/plugin.py\", line 532, in inner\n    _loop.run_until_complete(task)\n  File \"/usr/lib/python3.10/asyncio/base_events.py\", line 649, in run_until_complete\n    return future.result()\n  File \"/home/runner/work/mysql-router-k8s-operator/mysql-router-k8s-operator/tests/integration/test_node_port.py\", line 54, in test_build_and_deploy\n    await asyncio.gather(\n  File \"/home/runner/work/mysql-router-k8s-operator/mysql-router-k8s-operator/.tox/integration/lib/python3.10/site-packages/juju/model.py\", line 1816, in deploy\n    return await self._deploy(\n  File \"/home/runner/work/mysql-router-k8s-operator/mysql-router-k8s-operator/.tox/integration/lib/python3.10/site-packages/juju/model.py\", line 2096, in _deploy\n    result = await app_facade.Deploy(applications=[app])\n  File \"/home/runner/work/mysql-router-k8s-operator/mysql-router-k8s-operator/.tox/integration/lib/python3.10/site-packages/juju/client/facade.py\", line 486, in wrapper\n    reply = await f(*args, **kwargs)\n  File \"/home/runner/work/mysql-router-k8s-operator/mysql-router-k8s-operator/.tox/integration/lib/python3.10/site-packages/juju/client/_client17.py\", line 1051, in Deploy\n    reply = await self.rpc(msg)\n  File \"/home/runner/work/mysql-router-k8s-operator/mysql-router-k8s-operator/.tox/integration/lib/python3.10/site-packages/juju/client/facade.py\", line 659, in rpc\n    result = await self.connection.rpc(msg, encoder=TypeEncoder)\n  File \"/home/runner/work/mysql-router-k8s-operator/mysql-router-k8s-operator/.tox/integration/lib/python3.10/site-packages/juju/client/connection.py\", line 692, in rpc\n    raise errors.JujuError(err_results)\njuju.errors.JujuError: ['Charm feature requirements cannot be met:\\n  - charm requires at least one of the following:\\n    - charm requires all of the following:\\n      - charm requires feature \"juju\" (version < 3.0.0) but model currently supports version 3.1.6\\n    - charm requires all of the following:\\n      - charm requires feature \"juju\" (version >= 3.4.3) but model currently supports version 3.1.6\\n\\nFeature descriptions:\\n  - \"juju\": the version of Juju used by the model\\n\\nFor additional information please see: https://juju.is/docs/olm/supported-features']","flaky":false,"newFailed":false,"newBroken":false,"newPassed":false,"retriesCount":0,"retriesStatusChange":false,"beforeStages":[{"name":"tmp_path_factory","time":{"start":1717983542573,"stop":1717983542573,"duration":0},"status":"passed","steps":[],"attachments":[],"parameters":[],"stepsCount":0,"shouldDisplayMessage":false,"attachmentsCount":0,"hasContent":false,"attachmentStep":false},{"name":"ops_test","time":{"start":1717983542573,"stop":1717983542834,"duration":261},"status":"passed","steps":[],"attachments":[],"parameters":[],"stepsCount":0,"shouldDisplayMessage":false,"attachmentsCount":0,"hasContent":false,"attachmentStep":false},{"name":"event_loop","time":{"start":1717983542573,"stop":1717983542573,"duration":0},"status":"passed","steps":[],"attachments":[],"parameters":[],"stepsCount":0,"shouldDisplayMessage":false,"attachmentsCount":0,"hasContent":false,"attachmentStep":false},{"name":"abort_on_fail","time":{"start":1717983542834,"stop":1717983542834,"duration":0},"status":"passed","steps":[],"attachments":[],"parameters":[],"stepsCount":0,"shouldDisplayMessage":false,"attachmentsCount":0,"hasContent":false,"attachmentStep":false}],"testStage":{"description":"Test the deployment of the charm.","status":"broken","statusMessage":"juju.errors.JujuError: ['Charm feature requirements cannot be met:\\n  - charm requires at least one of the following:\\n    - charm requires all of the following:\\n      - charm requires feature \"juju\" (version < 3.0.0) but model currently supports version 3.1.6\\n    - charm requires all of the following:\\n      - charm requires feature \"juju\" (version >= 3.4.3) but model currently supports version 3.1.6\\n\\nFeature descriptions:\\n  - \"juju\": the version of Juju used by the model\\n\\nFor additional information please see: https://juju.is/docs/olm/supported-features']","statusTrace":"Traceback (most recent call last):\n  File \"/home/runner/work/mysql-router-k8s-operator/mysql-router-k8s-operator/.tox/integration/lib/python3.10/site-packages/_pytest/runner.py\", line 341, in from_call\n    result: Optional[TResult] = func()\n  File \"/home/runner/work/mysql-router-k8s-operator/mysql-router-k8s-operator/.tox/integration/lib/python3.10/site-packages/_pytest/runner.py\", line 262, in <lambda>\n    lambda: ihook(item=item, **kwds), when=when, reraise=reraise\n  File \"/home/runner/work/mysql-router-k8s-operator/mysql-router-k8s-operator/.tox/integration/lib/python3.10/site-packages/pluggy/_hooks.py\", line 493, in __call__\n    return self._hookexec(self.name, self._hookimpls, kwargs, firstresult)\n  File \"/home/runner/work/mysql-router-k8s-operator/mysql-router-k8s-operator/.tox/integration/lib/python3.10/site-packages/pluggy/_manager.py\", line 115, in _hookexec\n    return self._inner_hookexec(hook_name, methods, kwargs, firstresult)\n  File \"/home/runner/work/mysql-router-k8s-operator/mysql-router-k8s-operator/.tox/integration/lib/python3.10/site-packages/pluggy/_callers.py\", line 152, in _multicall\n    return outcome.get_result()\n  File \"/home/runner/work/mysql-router-k8s-operator/mysql-router-k8s-operator/.tox/integration/lib/python3.10/site-packages/pluggy/_result.py\", line 114, in get_result\n    raise exc.with_traceback(exc.__traceback__)\n  File \"/home/runner/work/mysql-router-k8s-operator/mysql-router-k8s-operator/.tox/integration/lib/python3.10/site-packages/pluggy/_callers.py\", line 77, in _multicall\n    res = hook_impl.function(*args)\n  File \"/home/runner/work/mysql-router-k8s-operator/mysql-router-k8s-operator/.tox/integration/lib/python3.10/site-packages/_pytest/runner.py\", line 177, in pytest_runtest_call\n    raise e\n  File \"/home/runner/work/mysql-router-k8s-operator/mysql-router-k8s-operator/.tox/integration/lib/python3.10/site-packages/_pytest/runner.py\", line 169, in pytest_runtest_call\n    item.runtest()\n  File \"/home/runner/work/mysql-router-k8s-operator/mysql-router-k8s-operator/.tox/integration/lib/python3.10/site-packages/_pytest/python.py\", line 1788, in runtest\n    self.ihook.pytest_pyfunc_call(pyfuncitem=self)\n  File \"/home/runner/work/mysql-router-k8s-operator/mysql-router-k8s-operator/.tox/integration/lib/python3.10/site-packages/pluggy/_hooks.py\", line 493, in __call__\n    return self._hookexec(self.name, self._hookimpls, kwargs, firstresult)\n  File \"/home/runner/work/mysql-router-k8s-operator/mysql-router-k8s-operator/.tox/integration/lib/python3.10/site-packages/pluggy/_manager.py\", line 115, in _hookexec\n    return self._inner_hookexec(hook_name, methods, kwargs, firstresult)\n  File \"/home/runner/work/mysql-router-k8s-operator/mysql-router-k8s-operator/.tox/integration/lib/python3.10/site-packages/pluggy/_callers.py\", line 152, in _multicall\n    return outcome.get_result()\n  File \"/home/runner/work/mysql-router-k8s-operator/mysql-router-k8s-operator/.tox/integration/lib/python3.10/site-packages/pluggy/_result.py\", line 114, in get_result\n    raise exc.with_traceback(exc.__traceback__)\n  File \"/home/runner/work/mysql-router-k8s-operator/mysql-router-k8s-operator/.tox/integration/lib/python3.10/site-packages/pluggy/_callers.py\", line 77, in _multicall\n    res = hook_impl.function(*args)\n  File \"/home/runner/work/mysql-router-k8s-operator/mysql-router-k8s-operator/.tox/integration/lib/python3.10/site-packages/_pytest/python.py\", line 194, in pytest_pyfunc_call\n    result = testfunction(**testargs)\n  File \"/home/runner/work/mysql-router-k8s-operator/mysql-router-k8s-operator/.tox/integration/lib/python3.10/site-packages/pytest_asyncio/plugin.py\", line 532, in inner\n    _loop.run_until_complete(task)\n  File \"/usr/lib/python3.10/asyncio/base_events.py\", line 649, in run_until_complete\n    return future.result()\n  File \"/home/runner/work/mysql-router-k8s-operator/mysql-router-k8s-operator/tests/integration/test_node_port.py\", line 54, in test_build_and_deploy\n    await asyncio.gather(\n  File \"/home/runner/work/mysql-router-k8s-operator/mysql-router-k8s-operator/.tox/integration/lib/python3.10/site-packages/juju/model.py\", line 1816, in deploy\n    return await self._deploy(\n  File \"/home/runner/work/mysql-router-k8s-operator/mysql-router-k8s-operator/.tox/integration/lib/python3.10/site-packages/juju/model.py\", line 2096, in _deploy\n    result = await app_facade.Deploy(applications=[app])\n  File \"/home/runner/work/mysql-router-k8s-operator/mysql-router-k8s-operator/.tox/integration/lib/python3.10/site-packages/juju/client/facade.py\", line 486, in wrapper\n    reply = await f(*args, **kwargs)\n  File \"/home/runner/work/mysql-router-k8s-operator/mysql-router-k8s-operator/.tox/integration/lib/python3.10/site-packages/juju/client/_client17.py\", line 1051, in Deploy\n    reply = await self.rpc(msg)\n  File \"/home/runner/work/mysql-router-k8s-operator/mysql-router-k8s-operator/.tox/integration/lib/python3.10/site-packages/juju/client/facade.py\", line 659, in rpc\n    result = await self.connection.rpc(msg, encoder=TypeEncoder)\n  File \"/home/runner/work/mysql-router-k8s-operator/mysql-router-k8s-operator/.tox/integration/lib/python3.10/site-packages/juju/client/connection.py\", line 692, in rpc\n    raise errors.JujuError(err_results)\njuju.errors.JujuError: ['Charm feature requirements cannot be met:\\n  - charm requires at least one of the following:\\n    - charm requires all of the following:\\n      - charm requires feature \"juju\" (version < 3.0.0) but model currently supports version 3.1.6\\n    - charm requires all of the following:\\n      - charm requires feature \"juju\" (version >= 3.4.3) but model currently supports version 3.1.6\\n\\nFeature descriptions:\\n  - \"juju\": the version of Juju used by the model\\n\\nFor additional information please see: https://juju.is/docs/olm/supported-features']","steps":[],"attachments":[{"uid":"1d3b20cba8e2150b","name":"log","source":"1d3b20cba8e2150b.txt","type":"text/plain","size":590}],"parameters":[],"stepsCount":0,"shouldDisplayMessage":true,"attachmentsCount":1,"hasContent":true,"attachmentStep":false},"afterStages":[{"name":"abort_on_fail::0","time":{"start":1717983546948,"stop":1717983546948,"duration":0},"status":"passed","steps":[],"attachments":[],"parameters":[],"stepsCount":0,"shouldDisplayMessage":false,"attachmentsCount":0,"hasContent":false,"attachmentStep":false},{"name":"ops_test::finalizer","time":{"start":1717983546959,"stop":1717983552845,"duration":5886},"status":"passed","steps":[],"attachments":[],"parameters":[],"stepsCount":0,"shouldDisplayMessage":false,"attachmentsCount":0,"hasContent":false,"attachmentStep":false},{"name":"event_loop::2","time":{"start":1717983552846,"stop":1717983552846,"duration":0},"status":"passed","steps":[],"attachments":[],"parameters":[],"stepsCount":0,"shouldDisplayMessage":false,"attachmentsCount":0,"hasContent":false,"attachmentStep":false},{"name":"event_loop::_close_event_loop","time":{"start":1717983552846,"stop":1717983552846,"duration":0},"status":"passed","steps":[],"attachments":[],"parameters":[],"stepsCount":0,"shouldDisplayMessage":false,"attachmentsCount":0,"hasContent":false,"attachmentStep":false},{"name":"event_loop::_provide_clean_event_loop","time":{"start":1717983552846,"stop":1717983552846,"duration":0},"status":"passed","steps":[],"attachments":[],"parameters":[],"stepsCount":0,"shouldDisplayMessage":false,"attachmentsCount":0,"hasContent":false,"attachmentStep":false}],"labels":[{"name":"tag","value":"@pytest.mark.skipif(False, reason='Skips juju <3.1.x as we have a dependency for self-signed-certificates')"},{"name":"tag","value":"abort_on_fail"},{"name":"tag","value":"group(1)"},{"name":"tag","value":"asyncio"},{"name":"parentSuite","value":"tests.integration"},{"name":"suite","value":"test_node_port"},{"name":"host","value":"fv-az1771-587"},{"name":"thread","value":"12309-MainThread"},{"name":"framework","value":"pytest"},{"name":"language","value":"cpython3"},{"name":"package","value":"tests.integration.test_node_port"},{"name":"resultFormat","value":"allure2"}],"parameters":[],"links":[],"hidden":false,"retry":false,"extra":{"severity":"normal","retries":[],"categories":[{"name":"Test defects","matchedStatuses":[],"flaky":false}],"history":{"statistic":{"failed":0,"broken":3,"skipped":0,"passed":10,"unknown":0,"total":13},"items":[{"uid":"6de30599b4c09922","reportUrl":"../1411//#testresult/6de30599b4c09922","status":"broken","statusDetails":"juju.errors.JujuError: ['Charm feature requirements cannot be met:\\n  - charm requires at least one of the following:\\n    - charm requires all of the following:\\n      - charm requires feature \"juju\" (version < 3.0.0) but model currently supports version 3.1.6\\n    - charm requires all of the following:\\n      - charm requires feature \"juju\" (version >= 3.4.3) but model currently supports version 3.1.6\\n\\nFeature descriptions:\\n  - \"juju\": the version of Juju used by the model\\n\\nFor additional information please see: https://juju.is/docs/olm/supported-features']","time":{"start":1717897009539,"stop":1717897011979,"duration":2440}},{"uid":"b15e07a1631c25ea","reportUrl":"../1410//#testresult/b15e07a1631c25ea","status":"broken","statusDetails":"juju.errors.JujuError: ['Charm feature requirements cannot be met:\\n  - charm requires at least one of the following:\\n    - charm requires all of the following:\\n      - charm requires feature \"juju\" (version < 3.0.0) but model currently supports version 3.1.6\\n    - charm requires all of the following:\\n      - charm requires feature \"juju\" (version >= 3.4.3) but model currently supports version 3.1.6\\n\\nFeature descriptions:\\n  - \"juju\": the version of Juju used by the model\\n\\nFor additional information please see: https://juju.is/docs/olm/supported-features']","time":{"start":1717810603209,"stop":1717810606251,"duration":3042}},{"uid":"f7738bac952048b4","reportUrl":"../1405//#testresult/f7738bac952048b4","status":"passed","time":{"start":1717724204734,"stop":1717724366356,"duration":161622}},{"uid":"7342ccbfc8f43827","reportUrl":"../1401//#testresult/7342ccbfc8f43827","status":"passed","time":{"start":1717638002148,"stop":1717638199951,"duration":197803}},{"uid":"6f543939423239d","reportUrl":"../1400//#testresult/6f543939423239d","status":"passed","time":{"start":1717551370445,"stop":1717551561869,"duration":191424}},{"uid":"6b0911dacc7e1f8a","reportUrl":"../1396//#testresult/6b0911dacc7e1f8a","status":"passed","time":{"start":1717465006748,"stop":1717465188920,"duration":182172}},{"uid":"2c75144c02c9b14c","reportUrl":"../1395//#testresult/2c75144c02c9b14c","status":"passed","time":{"start":1717378599293,"stop":1717378774276,"duration":174983}},{"uid":"2432b88965192ffc","reportUrl":"../1394//#testresult/2432b88965192ffc","status":"passed","time":{"start":1717292179108,"stop":1717292358081,"duration":178973}},{"uid":"91a5271c0cd14ff2","reportUrl":"../1393//#testresult/91a5271c0cd14ff2","status":"passed","time":{"start":1717205798878,"stop":1717205977040,"duration":178162}},{"uid":"261f383f0388f080","reportUrl":"../1392//#testresult/261f383f0388f080","status":"passed","time":{"start":1717119418923,"stop":1717119594348,"duration":175425}},{"uid":"4ac27c7dc981ae2c","reportUrl":"../1390//#testresult/4ac27c7dc981ae2c","status":"passed","time":{"start":1717033302639,"stop":1717033485942,"duration":183303}},{"uid":"aff263bb631d09ce","reportUrl":"../1388//#testresult/aff263bb631d09ce","status":"passed","time":{"start":1716946583085,"stop":1716946762363,"duration":179278}}]},"tags":["asyncio","abort_on_fail","@pytest.mark.skipif(False, reason='Skips juju <3.1.x as we have a dependency for self-signed-certificates')","group(1)"]},"source":"e8e0bc506ae11ca9.json","parameterValues":[]}